<?xml version="1.0" encoding="UTF-8"?>
<!-- Generated by org.testng.reporters.JUnitXMLReporter -->
<testsuite ignored="0" hostname="DESKTOP-GM34SEO" failures="0" tests="4" name="APITests" time="26.641" errors="0" timestamp="2023-01-12T11:53:50 IST">
  <testcase classname="tests.SauceApiTests" name="getAndVerifyValidMultipleUsersTest" time="14.906"/>
  <testcase classname="tests.SauceApiTests" name="getandVerifyInValidSingleUserTest" time="0.869"/>
  <testcase classname="tests.SauceApiTests" name="getandVerifyValidSingleUserTest" time="0.794"/>
  <testcase classname="tests.SauceApiTests" name="postValidUserTest" time="10.012"/>
</testsuite> <!-- APITests -->
