<?xml version="1.0" encoding="UTF-8"?>
<!-- Generated by org.testng.reporters.JUnitXMLReporter -->
<testsuite ignored="0" hostname="DESKTOP-GM34SEO" failures="0" tests="4" name="APITests" time="25.204" errors="0" timestamp="2023-01-15T19:13:38 IST">
  <testcase classname="tests.SauceApiTests" name="getAndVerifyValidMultipleUsersTest" time="17.281"/>
  <testcase classname="tests.SauceApiTests" name="getandVerifyInValidSingleUserTest" time="0.816"/>
  <testcase classname="tests.SauceApiTests" name="getandVerifyValidSingleUserTest" time="0.373"/>
  <testcase classname="tests.SauceApiTests" name="postValidUserTest" time="6.669"/>
</testsuite> <!-- APITests -->
