<?xml version="1.0" encoding="UTF-8"?>
<testng-results ignored="0" total="6" passed="6" failed="0" skipped="0">
  <reporter-output>
  </reporter-output>
  <suite started-at="2023-01-15T19:12:09 IST" name="CodeSolution" finished-at="2023-01-15T19:13:38 IST" duration-ms="89035">
    <groups>
    </groups>
    <test started-at="2023-01-15T19:12:09 IST" name="EndToEndUITests" finished-at="2023-01-15T19:13:12 IST" duration-ms="62701">
      <class name="tests.SauceE2ETests">
        <test-method is-config="true" signature="setup()[pri:0, instance:tests.SauceE2ETests@27406a17]" started-at="2023-01-15T19:12:10 IST" name="setup" finished-at="2023-01-15T19:12:46 IST" duration-ms="35933" status="PASS">
          <reporter-output>
          </reporter-output>
        </test-method> <!-- setup -->
        <test-method signature="verifyProductsAddedToCartTest()[pri:0, instance:tests.SauceE2ETests@27406a17]" started-at="2023-01-15T19:12:46 IST" name="verifyProductsAddedToCartTest" finished-at="2023-01-15T19:12:57 IST" duration-ms="11188" status="PASS">
          <reporter-output>
          </reporter-output>
        </test-method> <!-- verifyProductsAddedToCartTest -->
        <test-method is-config="true" signature="tearDown()[pri:0, instance:tests.SauceE2ETests@27406a17]" started-at="2023-01-15T19:12:57 IST" name="tearDown" finished-at="2023-01-15T19:12:58 IST" duration-ms="1662" status="PASS">
          <reporter-output>
          </reporter-output>
        </test-method> <!-- tearDown -->
        <test-method is-config="true" signature="setup()[pri:0, instance:tests.SauceE2ETests@27406a17]" started-at="2023-01-15T19:12:58 IST" name="setup" finished-at="2023-01-15T19:13:10 IST" duration-ms="11593" status="PASS">
          <reporter-output>
          </reporter-output>
        </test-method> <!-- setup -->
        <test-method signature="verifyUserIsLockedOutTest()[pri:0, instance:tests.SauceE2ETests@27406a17]" started-at="2023-01-15T19:13:10 IST" name="verifyUserIsLockedOutTest" finished-at="2023-01-15T19:13:11 IST" duration-ms="947" status="PASS">
          <reporter-output>
          </reporter-output>
        </test-method> <!-- verifyUserIsLockedOutTest -->
        <test-method is-config="true" signature="tearDown()[pri:0, instance:tests.SauceE2ETests@27406a17]" started-at="2023-01-15T19:13:11 IST" name="tearDown" finished-at="2023-01-15T19:13:12 IST" duration-ms="1071" status="PASS">
          <reporter-output>
          </reporter-output>
        </test-method> <!-- tearDown -->
      </class> <!-- tests.SauceE2ETests -->
    </test> <!-- EndToEndUITests -->
    <test started-at="2023-01-15T19:13:13 IST" name="APITests" finished-at="2023-01-15T19:13:38 IST" duration-ms="25204">
      <class name="tests.SauceApiTests">
        <test-method signature="getAndVerifyValidMultipleUsersTest()[pri:0, instance:tests.SauceApiTests@6b695b06]" started-at="2023-01-15T19:13:13 IST" name="getAndVerifyValidMultipleUsersTest" finished-at="2023-01-15T19:13:30 IST" duration-ms="17281" status="PASS">
          <reporter-output>
          </reporter-output>
        </test-method> <!-- getAndVerifyValidMultipleUsersTest -->
        <test-method signature="getandVerifyInValidSingleUserTest()[pri:0, instance:tests.SauceApiTests@6b695b06]" started-at="2023-01-15T19:13:31 IST" name="getandVerifyInValidSingleUserTest" finished-at="2023-01-15T19:13:31 IST" duration-ms="816" status="PASS">
          <reporter-output>
          </reporter-output>
        </test-method> <!-- getandVerifyInValidSingleUserTest -->
        <test-method signature="getandVerifyValidSingleUserTest()[pri:0, instance:tests.SauceApiTests@6b695b06]" started-at="2023-01-15T19:13:31 IST" name="getandVerifyValidSingleUserTest" finished-at="2023-01-15T19:13:32 IST" duration-ms="373" status="PASS">
          <reporter-output>
          </reporter-output>
        </test-method> <!-- getandVerifyValidSingleUserTest -->
        <test-method signature="postValidUserTest()[pri:0, instance:tests.SauceApiTests@6b695b06]" started-at="2023-01-15T19:13:32 IST" name="postValidUserTest" finished-at="2023-01-15T19:13:38 IST" duration-ms="6669" status="PASS">
          <reporter-output>
          </reporter-output>
        </test-method> <!-- postValidUserTest -->
      </class> <!-- tests.SauceApiTests -->
    </test> <!-- APITests -->
  </suite> <!-- CodeSolution -->
</testng-results>
